<?xml version="1.0" encoding="UTF-8"?>
<testsuite xmlns:xsi="http://www.w3.org/2001/XMLSchema-instance" xsi:noNamespaceSchemaLocation="https://maven.apache.org/surefire/maven-surefire-plugin/xsd/surefire-test-report.xsd" version="3.0.2" name="com.examly.springapp.SpringappApplicationTests" time="5.519" tests="16" errors="0" skipped="0" failures="0">
  <properties>
[...]
</properties>
  <testcase name="backend_testGetAllloans" classname="com.examly.springapp.SpringappApplicationTests" time="0.549">
    <system-out><![CDATA[11:42:53.092 [main] INFO org.springframework.boot.devtools.restart.RestartApplicationListener -- Restart disabled due to context in which it is running

  .   ____          _            __ _ _
 /\\ / ___'_ __ _ _(_)_ __  __ _ \ \ \ \
( ( )\___ | '_ | '_| | '_ \/ _` | \ \ \ \
 \\/  ___)| |_)| | | | | || (_| |  ) ) ) )
  '  |____| .__|_| |_|_| |_\__, | / / / /
 =========|_|==============|___/=/_/_/_/

 :: Spring Boot ::                (v3.4.2)

2025-02-06T11:42:53.370Z  INFO 17792 --- [           main] c.e.springapp.SpringappApplicationTests  : Starting SpringappApplicationTests using Java 17.0.13 with PID 17792 (started by coder in /home/coder/project/workspace/springapp)
2025-02-06T11:42:53.372Z  INFO 17792 --- [           main] c.e.springapp.SpringappApplicationTests  : No active profile set, falling back to 1 default profile: "default"
2025-02-06T11:42:54.124Z  INFO 17792 --- [           main] .s.d.r.c.RepositoryConfigurationDelegate : Bootstrapping Spring Data JPA repositories in DEFAULT mode.
2025-02-06T11:42:54.185Z  INFO 17792 --- [           main] .s.d.r.c.RepositoryConfigurationDelegate : Finished Spring Data repository scanning in 52 ms. Found 4 JPA repository interfaces.
2025-02-06T11:42:54.498Z  WARN 17792 --- [           main] trationDelegate$BeanPostProcessorChecker : Bean 'org.springframework.ws.config.annotation.DelegatingWsConfiguration' of type [org.springframework.ws.config.annotation.DelegatingWsConfiguration$$SpringCGLIB$$0] is not eligible for getting processed by all BeanPostProcessors (for example: not eligible for auto-proxying). The currently created BeanPostProcessor [annotationActionEndpointMapping] is declared through a non-static factory method on that class; consider declaring it as static instead.
2025-02-06T11:42:54.526Z  INFO 17792 --- [           main] .w.s.a.s.AnnotationActionEndpointMapping : Supporting [WS-Addressing August 2004, WS-Addressing 1.0]
2025-02-06T11:42:54.739Z  INFO 17792 --- [           main] o.hibernate.jpa.internal.util.LogHelper  : HHH000204: Processing PersistenceUnitInfo [name: default]
2025-02-06T11:42:54.777Z  INFO 17792 --- [           main] org.hibernate.Version                    : HHH000412: Hibernate ORM core version 6.6.5.Final
2025-02-06T11:42:54.799Z  INFO 17792 --- [           main] o.h.c.internal.RegionFactoryInitiator    : HHH000026: Second-level cache disabled
2025-02-06T11:42:55.019Z  INFO 17792 --- [           main] o.s.o.j.p.SpringPersistenceUnitInfo      : No LoadTimeWeaver setup: ignoring JPA class transformer
2025-02-06T11:42:55.043Z  INFO 17792 --- [           main] com.zaxxer.hikari.HikariDataSource       : HikariPool-1 - Starting...
2025-02-06T11:42:55.174Z  INFO 17792 --- [           main] com.zaxxer.hikari.pool.HikariPool        : HikariPool-1 - Added connection com.mysql.cj.jdbc.ConnectionImpl@1be77a76
2025-02-06T11:42:55.176Z  INFO 17792 --- [           main] com.zaxxer.hikari.HikariDataSource       : HikariPool-1 - Start completed.
2025-02-06T11:42:55.193Z  WARN 17792 --- [           main] org.hibernate.orm.deprecation            : HHH90000025: MySQL8Dialect does not need to be specified explicitly using 'hibernate.dialect' (remove the property setting and it will be selected by default)
2025-02-06T11:42:55.194Z  WARN 17792 --- [           main] org.hibernate.orm.deprecation            : HHH90000026: MySQL8Dialect has been deprecated; use org.hibernate.dialect.MySQLDialect instead
2025-02-06T11:42:55.210Z  INFO 17792 --- [           main] org.hibernate.orm.connections.pooling    : HHH10001005: Database info:
	Database JDBC URL [Connecting through datasource 'HikariDataSource (HikariPool-1)']
	Database driver: undefined/unknown
	Database version: 8.0
	Autocommit mode: undefined/unknown
	Isolation level: undefined/unknown
	Minimum pool size: undefined/unknown
	Maximum pool size: undefined/unknown
2025-02-06T11:42:55.965Z  INFO 17792 --- [           main] o.h.e.t.j.p.i.JtaPlatformInitiator       : HHH000489: No JTA platform available (set 'hibernate.transaction.jta.platform' to enable JTA platform integration)
2025-02-06T11:42:56.026Z  INFO 17792 --- [           main] j.LocalContainerEntityManagerFactoryBean : Initialized JPA EntityManagerFactory for persistence unit 'default'
2025-02-06T11:42:56.056Z  WARN 17792 --- [           main] JpaBaseConfiguration$JpaWebConfiguration : spring.jpa.open-in-view is enabled by default. Therefore, database queries may be performed during view rendering. Explicitly configure spring.jpa.open-in-view to disable this warning
2025-02-06T11:42:56.494Z  INFO 17792 --- [           main] eAuthenticationProviderManagerConfigurer : Global AuthenticationManager configured with AuthenticationProvider bean with name authenticationProvider
2025-02-06T11:42:56.495Z  WARN 17792 --- [           main] r$InitializeUserDetailsManagerConfigurer : Global AuthenticationManager configured with an AuthenticationProvider bean. UserDetailsService beans will not be used by Spring Security for automatically configuring username/password login. Consider removing the AuthenticationProvider bean. Alternatively, consider using the UserDetailsService in a manually instantiated DaoAuthenticationProvider. If the current configuration is intentional, to turn off this warning, increase the logging level of 'org.springframework.security.config.annotation.authentication.configuration.InitializeUserDetailsBeanManagerConfigurer' to ERROR
2025-02-06T11:42:56.550Z  INFO 17792 --- [           main] o.s.d.j.r.query.QueryEnhancerFactory     : Hibernate is in classpath; If applicable, HQL parser will be used.
2025-02-06T11:42:57.562Z  INFO 17792 --- [           main] o.s.b.t.m.w.SpringBootMockServletContext : Initializing Spring TestDispatcherServlet ''
2025-02-06T11:42:57.563Z  INFO 17792 --- [           main] o.s.t.web.servlet.TestDispatcherServlet  : Initializing Servlet ''
2025-02-06T11:42:57.564Z  INFO 17792 --- [           main] o.s.t.web.servlet.TestDispatcherServlet  : Completed initialization in 1 ms
2025-02-06T11:42:57.591Z  INFO 17792 --- [           main] c.e.springapp.SpringappApplicationTests  : Started SpringappApplicationTests in 4.508 seconds (process running for 5.282)
Hibernate: select l1_0.loan_id,l1_0.description,l1_0.documents_required,l1_0.eligibility,l1_0.interest_rate,l1_0.loan_type,l1_0.maximum_amount,l1_0.repayment_tenure from loan l1_0

MockHttpServletRequest:
      HTTP Method = GET
      Request URI = /api/loan
       Parameters = {}
          Headers = [Content-Type:"application/json;charset=UTF-8"]
             Body = null
    Session Attrs = {}

Handler:
             Type = com.examly.springapp.controller.LoanController
           Method = com.examly.springapp.controller.LoanController#getAllLoans()

Async:
    Async started = false
     Async result = null

Resolved Exception:
             Type = null

ModelAndView:
        View name = null
             View = null
            Model = null

FlashMap:
       Attributes = null

MockHttpServletResponse:
           Status = 200
    Error message = null
          Headers = [Vary:"Origin", "Access-Control-Request-Method", "Access-Control-Request-Headers", Content-Type:"application/json", X-Content-Type-Options:"nosniff", X-XSS-Protection:"0", Cache-Control:"no-cache, no-store, max-age=0, must-revalidate", Pragma:"no-cache", Expires:"0", X-Frame-Options:"DENY"]
     Content type = application/json
             Body = [{"loanId":1,"loanType":"SBI","description":"description","interestRate":8.0,"maximumAmount":100,"repaymentTenure":12,"eligibility":"MBA","documentsRequired":"SSLC,PUC MArks Card"}]
    Forwarded URL = null
   Redirected URL = null
          Cookies = []
]]></system-out>
  </testcase>
  <testcase name="backend_testGetFeedBackAll" classname="com.examly.springapp.SpringappApplicationTests" time="0.023">
    <system-out><![CDATA[Hibernate: select f1_0.feedback_id,f1_0.date,f1_0.feedback_text,f1_0.user_id from feedback f1_0

MockHttpServletRequest:
      HTTP Method = GET
      Request URI = /api/feedback
       Parameters = {}
          Headers = [Content-Type:"application/json;charset=UTF-8"]
             Body = null
    Session Attrs = {}

Handler:
             Type = com.examly.springapp.controller.FeedbackController
           Method = com.examly.springapp.controller.FeedbackController#getAllFeedback()

Async:
    Async started = false
     Async result = null

Resolved Exception:
             Type = null

ModelAndView:
        View name = null
             View = null
            Model = null

FlashMap:
       Attributes = null

MockHttpServletResponse:
           Status = 200
    Error message = null
          Headers = [Vary:"Origin", "Access-Control-Request-Method", "Access-Control-Request-Headers", Content-Type:"application/json", X-Content-Type-Options:"nosniff", X-XSS-Protection:"0", Cache-Control:"no-cache, no-store, max-age=0, must-revalidate", Pragma:"no-cache", Expires:"0", X-Frame-Options:"DENY"]
     Content type = application/json
             Body = []
    Forwarded URL = null
   Redirected URL = null
          Cookies = []
]]></system-out>
  </testcase>
  <testcase name="backend_testAuthControllerClassExists" classname="com.examly.springapp.SpringappApplicationTests" time="0.006"/>
  <testcase name="backend_testFeedbackControllerClassExists" classname="com.examly.springapp.SpringappApplicationTests" time="0.006"/>
  <testcase name="backend_testFeedbackHasManyToOneAnnotation" classname="com.examly.springapp.SpringappApplicationTests" time="0.006"/>
  <testcase name="backend_testUserModelClassExists" classname="com.examly.springapp.SpringappApplicationTests" time="0.006"/>
  <testcase name="backend_testLoanApplicationHasManyToManyAnnotation" classname="com.examly.springapp.SpringappApplicationTests" time="0.005"/>
  <testcase name="backend_testLoanControllerClassExists" classname="com.examly.springapp.SpringappApplicationTests" time="0.006"/>
  <testcase name="backend_testFeebackRepoExists" classname="com.examly.springapp.SpringappApplicationTests" time="0.006"/>
  <testcase name="backend_testLoanApplicationInterfaceAndImplementation" classname="com.examly.springapp.SpringappApplicationTests" time="0.008"/>
  <testcase name="backend_testLoanModelClassExists" classname="com.examly.springapp.SpringappApplicationTests" time="0.004"/>
  <testcase name="backend_testLoanApplicationControllerClassExists" classname="com.examly.springapp.SpringappApplicationTests" time="0.003"/>
  <testcase name="backend_testLoanApplicationModelClassExists" classname="com.examly.springapp.SpringappApplicationTests" time="0.003"/>
  <testcase name="backend_testLoanInterfaceAndImplementation" classname="com.examly.springapp.SpringappApplicationTests" time="0.003"/>
  <testcase name="backend_testLoanRepoExists" classname="com.examly.springapp.SpringappApplicationTests" time="0.003"/>
  <testcase name="backend_testFeedbackModelClassExists" classname="com.examly.springapp.SpringappApplicationTests" time="0.004"/>
</testsuite>